[27/10/21] [15:51:48] [CONNECT] flyingthegame | DAEC1250D7DE1868B02652200004C660666831E448DE502846700008B2D4BA808BEA7854F02A3AC0000C9E480E98E5F0A8CA902C2E1000108ABC62B03FA2C140 | undefined
[27/10/21] [15:53:02] [LOGIN] flyingthegame | DAEC1250D7DE1868B02652200004C660666831E448DE502846700008B2D4BA808BEA7854F02A3AC0000C9E480E98E5F0A8CA902C2E1000108ABC62B03FA2C140 | undefined | 66921
[27/10/21] [15:53:38] [DISCONNECT] flyingthegame | DAEC1250D7DE1868B02652200004C660666831E448DE502846700008B2D4BA808BEA7854F02A3AC0000C9E480E98E5F0A8CA902C2E1000108ABC62B03FA2C140 | undefined | undefined | disconnect
[27/10/21] [15:53:42] [CONNECT] flyingthegame | DAEC1250D7DE1868B02652200004C660666831E448DE502846700008B2D4BA808BEA7854F02A3AC0000C9E480E98E5F0A8CA902C2E1000108ABC62B03FA2C140 | undefined
[27/10/21] [15:54:13] [LOGIN] flyingthegame | DAEC1250D7DE1868B02652200004C660666831E448DE502846700008B2D4BA808BEA7854F02A3AC0000C9E480E98E5F0A8CA902C2E1000108ABC62B03FA2C140 | undefined | 66921
[30/10/21] [09:41:06] [CONNECT] flyingthegame | DAEC1250D7DE1868B02652200004C660666831E448DE502846700008B2D4BA808BEA7854F02A3AC0000C9E480E98E5F0A8CA902C2E1000108ABC62B03FA2C140 | undefined
[30/10/21] [09:41:14] [LOGIN] flyingthegame | DAEC1250D7DE1868B02652200004C660666831E448DE502846700008B2D4BA808BEA7854F02A3AC0000C9E480E98E5F0A8CA902C2E1000108ABC62B03FA2C140 | undefined | 66921
[30/10/21] [10:01:17] [CONNECT] Stasmirnuy | C4947F10ED86D788163CD9BC221476A0DB3297D0145C2360A19AABDC0EB435A06A0CBEE837861BA06424C7B055AE7F30062C9184B204063093DA9F70B4783C00 | undefined
[30/10/21] [10:02:25] [CONNECT] flyingthegame | DAEC1250D7DE1868B02652200004C660666831E448DE502846700008B2D4BA808BEA7854F02A3AC0000C9E480E98E5F0A8CA902C2E1000108ABC62B03FA2C140 | undefined
[30/10/21] [10:02:26] [CONNECT] Stasmirnuy | C4947F10ED86D788163CD9BC221476A0DB3297D0145C2360A19AABDC0EB435A06A0CBEE837861BA06424C7B055AE7F30062C9184B204063093DA9F70B4783C00 | undefined
[30/10/21] [10:05:32] [CONNECT] flyingthegame | DAEC1250D7DE1868B02652200004C660666831E448DE502846700008B2D4BA808BEA7854F02A3AC0000C9E480E98E5F0A8CA902C2E1000108ABC62B03FA2C140 | undefined
[30/10/21] [10:05:33] [CONNECT] Stasmirnuy | C4947F10ED86D788163CD9BC221476A0DB3297D0145C2360A19AABDC0EB435A06A0CBEE837861BA06424C7B055AE7F30062C9184B204063093DA9F70B4783C00 | undefined
[30/10/21] [10:06:43] [CONNECT] flyingthegame | DAEC1250D7DE1868B02652200004C660666831E448DE502846700008B2D4BA808BEA7854F02A3AC0000C9E480E98E5F0A8CA902C2E1000108ABC62B03FA2C140 | undefined
[30/10/21] [10:06:49] [CONNECT] Stasmirnuy | C4947F10ED86D788163CD9BC221476A0DB3297D0145C2360A19AABDC0EB435A06A0CBEE837861BA06424C7B055AE7F30062C9184B204063093DA9F70B4783C00 | undefined
[30/10/21] [10:09:06] [CONNECT] Stasmirnuy | C4947F10ED86D788163CD9BC221476A0DB3297D0145C2360A19AABDC0EB435A06A0CBEE837861BA06424C7B055AE7F30062C9184B204063093DA9F70B4783C00 | undefined
[30/10/21] [10:09:13] [DISCONNECT] flyingthegame | DAEC1250D7DE1868B02652200004C660666831E448DE502846700008B2D4BA808BEA7854F02A3AC0000C9E480E98E5F0A8CA902C2E1000108ABC62B03FA2C140 | undefined | undefined | timeout
[30/10/21] [10:09:37] [DISCONNECT] Stasmirnuy | C4947F10ED86D788163CD9BC221476A0DB3297D0145C2360A19AABDC0EB435A06A0CBEE837861BA06424C7B055AE7F30062C9184B204063093DA9F70B4783C00 | undefined | undefined | timeout
[30/10/21] [10:11:06] [CONNECT] Stasmirnuy | C4947F10ED86D788163CD9BC221476A0DB3297D0145C2360A19AABDC0EB435A06A0CBEE837861BA06424C7B055AE7F30062C9184B204063093DA9F70B4783C00 | undefined
[30/10/21] [10:11:38] [CONNECT] flyingthegame | DAEC1250D7DE1868B02652200004C660666831E448DE502846700008B2D4BA808BEA7854F02A3AC0000C9E480E98E5F0A8CA902C2E1000108ABC62B03FA2C140 | undefined
[30/10/21] [10:20:48] [DISCONNECT] flyingthegame | DAEC1250D7DE1868B02652200004C660666831E448DE502846700008B2D4BA808BEA7854F02A3AC0000C9E480E98E5F0A8CA902C2E1000108ABC62B03FA2C140 | undefined | undefined | disconnect
[30/10/21] [10:20:51] [CONNECT] flyingthegame | DAEC1250D7DE1868B02652200004C660666831E448DE502846700008B2D4BA808BEA7854F02A3AC0000C9E480E98E5F0A8CA902C2E1000108ABC62B03FA2C140 | undefined
[30/10/21] [10:20:57] [LOGIN] flyingthegame | DAEC1250D7DE1868B02652200004C660666831E448DE502846700008B2D4BA808BEA7854F02A3AC0000C9E480E98E5F0A8CA902C2E1000108ABC62B03FA2C140 | undefined | 66921
[06/11/21] [00:30:02] [CONNECT] flyingthegame | DAEC1250D7DE1868B02652200004C660666831E448DE502846700008B2D4BA808BEA7854F02A3AC0000C9E480E98E5F0A8CA902C2E1000108ABC62B03FA2C140 | undefined
